<?xml version="1.0" encoding="UTF-8"?>
<coverage generated="1620174100077" clover="3.2.0">
  <project timestamp="1620174100077" name="All files">
    <metrics statements="42" coveredstatements="39" conditionals="10" coveredconditionals="8" methods="13" coveredmethods="12" elements="65" coveredelements="59" complexity="0" loc="42" ncloc="42" packages="1" files="1" classes="1"/>
    <file name="app.js" path="C:\Users\N15\Desktop\Laboratoria\LIM014-mdlinks\app.js">
      <metrics statements="42" coveredstatements="39" conditionals="10" coveredconditionals="8" methods="13" coveredmethods="12"/>
      <line num="3" count="2" type="stmt"/>
      <line num="4" count="2" type="stmt"/>
      <line num="5" count="2" type="stmt"/>
      <line num="6" count="2" type="stmt"/>
      <line num="7" count="2" type="stmt"/>
      <line num="8" count="2" type="stmt"/>
      <line num="10" count="6" type="stmt"/>
      <line num="13" count="6" type="stmt"/>
      <line num="16" count="3" type="stmt"/>
      <line num="19" count="2" type="stmt"/>
      <line num="20" count="4" type="cond" truecount="1" falsecount="1"/>
      <line num="21" count="4" type="cond" truecount="2" falsecount="0"/>
      <line num="22" count="2" type="stmt"/>
      <line num="23" count="2" type="stmt"/>
      <line num="28" count="2" type="stmt"/>
      <line num="30" count="3" type="stmt"/>
      <line num="31" count="3" type="stmt"/>
      <line num="36" count="3" type="stmt"/>
      <line num="39" count="2" type="stmt"/>
      <line num="40" count="3" type="stmt"/>
      <line num="42" count="3" type="cond" truecount="3" falsecount="1"/>
      <line num="43" count="3" type="stmt"/>
      <line num="44" count="3" type="stmt"/>
      <line num="46" count="0" type="stmt"/>
      <line num="51" count="2" type="stmt"/>
      <line num="52" count="2" type="stmt"/>
      <line num="53" count="2" type="stmt"/>
      <line num="55" count="2" type="stmt"/>
      <line num="57" count="2" type="stmt"/>
      <line num="58" count="82" type="cond" truecount="2" falsecount="0"/>
      <line num="59" count="73" type="stmt"/>
      <line num="63" count="2" type="stmt"/>
      <line num="64" count="2" type="stmt"/>
      <line num="69" count="2" type="stmt"/>
      <line num="70" count="1" type="stmt"/>
      <line num="72" count="12" type="stmt"/>
      <line num="74" count="12" type="stmt"/>
      <line num="81" count="12" type="stmt"/>
      <line num="84" count="0" type="stmt"/>
      <line num="91" count="0" type="stmt"/>
      <line num="94" count="1" type="stmt"/>
      <line num="102" count="2" type="stmt"/>
    </file>
  </project>
</coverage>
