<?xml version="1.0" encoding="UTF-8"?>
<coverage generated="1620480730273" clover="3.2.0">
  <project timestamp="1620480730274" name="All files">
    <metrics statements="43" coveredstatements="43" conditionals="10" coveredconditionals="10" methods="13" coveredmethods="13" elements="66" coveredelements="66" complexity="0" loc="43" ncloc="43" packages="1" files="1" classes="1"/>
    <file name="app.js" path="C:\Users\N15\Desktop\Laboratoria\LIM014-mdlinks\app.js">
      <metrics statements="43" coveredstatements="43" conditionals="10" coveredconditionals="10" methods="13" coveredmethods="13"/>
      <line num="3" count="2" type="stmt"/>
      <line num="4" count="2" type="stmt"/>
      <line num="5" count="2" type="stmt"/>
      <line num="6" count="2" type="stmt"/>
      <line num="7" count="2" type="stmt"/>
      <line num="8" count="2" type="stmt"/>
      <line num="10" count="8" type="stmt"/>
      <line num="13" count="7" type="stmt"/>
      <line num="16" count="3" type="stmt"/>
      <line num="19" count="2" type="stmt"/>
      <line num="20" count="6" type="cond" truecount="2" falsecount="0"/>
      <line num="21" count="5" type="cond" truecount="2" falsecount="0"/>
      <line num="22" count="3" type="stmt"/>
      <line num="23" count="2" type="stmt"/>
      <line num="25" count="1" type="stmt"/>
      <line num="30" count="2" type="stmt"/>
      <line num="32" count="4" type="stmt"/>
      <line num="33" count="4" type="stmt"/>
      <line num="38" count="4" type="stmt"/>
      <line num="41" count="2" type="stmt"/>
      <line num="42" count="4" type="stmt"/>
      <line num="44" count="4" type="cond" truecount="4" falsecount="0"/>
      <line num="45" count="3" type="stmt"/>
      <line num="46" count="3" type="stmt"/>
      <line num="48" count="1" type="stmt"/>
      <line num="53" count="2" type="stmt"/>
      <line num="54" count="2" type="stmt"/>
      <line num="55" count="2" type="stmt"/>
      <line num="57" count="2" type="stmt"/>
      <line num="59" count="2" type="stmt"/>
      <line num="60" count="82" type="cond" truecount="2" falsecount="0"/>
      <line num="61" count="73" type="stmt"/>
      <line num="65" count="2" type="stmt"/>
      <line num="66" count="2" type="stmt"/>
      <line num="71" count="2" type="stmt"/>
      <line num="72" count="1" type="stmt"/>
      <line num="74" count="12" type="stmt"/>
      <line num="76" count="9" type="stmt"/>
      <line num="83" count="9" type="stmt"/>
      <line num="86" count="3" type="stmt"/>
      <line num="93" count="3" type="stmt"/>
      <line num="96" count="1" type="stmt"/>
      <line num="104" count="2" type="stmt"/>
    </file>
  </project>
</coverage>
