{"C:\\Users\\N15\\Desktop\\Laboratoria\\LIM014-mdlinks\\app.js": {"path":"C:\\Users\\N15\\Desktop\\Laboratoria\\LIM014-mdlinks\\app.js","statementMap":{"0":{"start":{"line":3,"column":18},"end":{"line":3,"column":33}},"1":{"start":{"line":4,"column":11},"end":{"line":4,"column":24}},"2":{"start":{"line":5,"column":13},"end":{"line":5,"column":28}},"3":{"start":{"line":6,"column":15},"end":{"line":6,"column":32}},"4":{"start":{"line":7,"column":14},"end":{"line":7,"column":35}},"5":{"start":{"line":8,"column":14},"end":{"line":8,"column":56}},"6":{"start":{"line":10,"column":18},"end":{"line":10,"column":49}},"7":{"start":{"line":10,"column":29},"end":{"line":10,"column":49}},"8":{"start":{"line":13,"column":21},"end":{"line":13,"column":54}},"9":{"start":{"line":13,"column":32},"end":{"line":13,"column":54}},"10":{"start":{"line":16,"column":26},"end":{"line":16,"column":56}},"11":{"start":{"line":16,"column":37},"end":{"line":16,"column":56}},"12":{"start":{"line":19,"column":21},"end":{"line":27,"column":1}},"13":{"start":{"line":20,"column":2},"end":{"line":26,"column":3}},"14":{"start":{"line":21,"column":4},"end":{"line":23,"column":43}},"15":{"start":{"line":22,"column":6},"end":{"line":22,"column":19}},"16":{"start":{"line":23,"column":11},"end":{"line":23,"column":43}},"17":{"start":{"line":25,"column":5},"end":{"line":25,"column":28}},"18":{"start":{"line":30,"column":14},"end":{"line":34,"column":1}},"19":{"start":{"line":32,"column":15},"end":{"line":32,"column":43}},"20":{"start":{"line":33,"column":2},"end":{"line":33,"column":23}},"21":{"start":{"line":38,"column":18},"end":{"line":38,"column":58}},"22":{"start":{"line":38,"column":29},"end":{"line":38,"column":58}},"23":{"start":{"line":41,"column":17},"end":{"line":50,"column":1}},"24":{"start":{"line":42,"column":20},"end":{"line":42,"column":39}},"25":{"start":{"line":44,"column":2},"end":{"line":49,"column":3}},"26":{"start":{"line":45,"column":19},"end":{"line":45,"column":78}},"27":{"start":{"line":46,"column":4},"end":{"line":46,"column":18}},"28":{"start":{"line":48,"column":4},"end":{"line":48,"column":44}},"29":{"start":{"line":53,"column":19},"end":{"line":67,"column":1}},"30":{"start":{"line":54,"column":19},"end":{"line":54,"column":40}},"31":{"start":{"line":55,"column":15},"end":{"line":55,"column":30}},"32":{"start":{"line":57,"column":14},"end":{"line":57,"column":16}},"33":{"start":{"line":59,"column":2},"end":{"line":64,"column":4}},"34":{"start":{"line":60,"column":4},"end":{"line":62,"column":5}},"35":{"start":{"line":61,"column":6},"end":{"line":61,"column":58}},"36":{"start":{"line":65,"column":2},"end":{"line":65,"column":29}},"37":{"start":{"line":66,"column":2},"end":{"line":66,"column":15}},"38":{"start":{"line":71,"column":17},"end":{"line":97,"column":1}},"39":{"start":{"line":72,"column":21},"end":{"line":95,"column":4}},"40":{"start":{"line":74,"column":4},"end":{"line":94,"column":9}},"41":{"start":{"line":76,"column":21},"end":{"line":82,"column":9}},"42":{"start":{"line":83,"column":8},"end":{"line":83,"column":22}},"43":{"start":{"line":86,"column":21},"end":{"line":92,"column":9}},"44":{"start":{"line":93,"column":8},"end":{"line":93,"column":22}},"45":{"start":{"line":96,"column":2},"end":{"line":96,"column":33}},"46":{"start":{"line":104,"column":0},"end":{"line":113,"column":2}}},"fnMap":{"0":{"name":"(anonymous_0)","decl":{"start":{"line":10,"column":18},"end":{"line":10,"column":19}},"loc":{"start":{"line":10,"column":29},"end":{"line":10,"column":49}},"line":10},"1":{"name":"(anonymous_1)","decl":{"start":{"line":13,"column":21},"end":{"line":13,"column":22}},"loc":{"start":{"line":13,"column":32},"end":{"line":13,"column":54}},"line":13},"2":{"name":"(anonymous_2)","decl":{"start":{"line":16,"column":26},"end":{"line":16,"column":27}},"loc":{"start":{"line":16,"column":37},"end":{"line":16,"column":56}},"line":16},"3":{"name":"(anonymous_3)","decl":{"start":{"line":19,"column":21},"end":{"line":19,"column":22}},"loc":{"start":{"line":19,"column":32},"end":{"line":27,"column":1}},"line":19},"4":{"name":"(anonymous_4)","decl":{"start":{"line":30,"column":14},"end":{"line":30,"column":15}},"loc":{"start":{"line":30,"column":25},"end":{"line":34,"column":1}},"line":30},"5":{"name":"(anonymous_5)","decl":{"start":{"line":38,"column":18},"end":{"line":38,"column":19}},"loc":{"start":{"line":38,"column":29},"end":{"line":38,"column":58}},"line":38},"6":{"name":"(anonymous_6)","decl":{"start":{"line":41,"column":17},"end":{"line":41,"column":18}},"loc":{"start":{"line":41,"column":28},"end":{"line":50,"column":1}},"line":41},"7":{"name":"(anonymous_7)","decl":{"start":{"line":53,"column":19},"end":{"line":53,"column":20}},"loc":{"start":{"line":53,"column":30},"end":{"line":67,"column":1}},"line":53},"8":{"name":"(anonymous_8)","decl":{"start":{"line":59,"column":18},"end":{"line":59,"column":19}},"loc":{"start":{"line":59,"column":41},"end":{"line":64,"column":3}},"line":59},"9":{"name":"(anonymous_9)","decl":{"start":{"line":71,"column":17},"end":{"line":71,"column":18}},"loc":{"start":{"line":71,"column":28},"end":{"line":97,"column":1}},"line":71},"10":{"name":"(anonymous_10)","decl":{"start":{"line":72,"column":43},"end":{"line":72,"column":44}},"loc":{"start":{"line":72,"column":56},"end":{"line":95,"column":3}},"line":72},"11":{"name":"(anonymous_11)","decl":{"start":{"line":75,"column":12},"end":{"line":75,"column":13}},"loc":{"start":{"line":75,"column":21},"end":{"line":84,"column":7}},"line":75},"12":{"name":"(anonymous_12)","decl":{"start":{"line":85,"column":13},"end":{"line":85,"column":14}},"loc":{"start":{"line":85,"column":19},"end":{"line":94,"column":7}},"line":85}},"branchMap":{"0":{"loc":{"start":{"line":20,"column":2},"end":{"line":26,"column":3}},"type":"if","locations":[{"start":{"line":20,"column":2},"end":{"line":26,"column":3}},{"start":{"line":20,"column":2},"end":{"line":26,"column":3}}],"line":20},"1":{"loc":{"start":{"line":21,"column":4},"end":{"line":23,"column":43}},"type":"if","locations":[{"start":{"line":21,"column":4},"end":{"line":23,"column":43}},{"start":{"line":21,"column":4},"end":{"line":23,"column":43}}],"line":21},"2":{"loc":{"start":{"line":44,"column":2},"end":{"line":49,"column":3}},"type":"if","locations":[{"start":{"line":44,"column":2},"end":{"line":49,"column":3}},{"start":{"line":44,"column":2},"end":{"line":49,"column":3}}],"line":44},"3":{"loc":{"start":{"line":44,"column":6},"end":{"line":44,"column":46}},"type":"binary-expr","locations":[{"start":{"line":44,"column":6},"end":{"line":44,"column":22}},{"start":{"line":44,"column":26},"end":{"line":44,"column":46}}],"line":44},"4":{"loc":{"start":{"line":60,"column":4},"end":{"line":62,"column":5}},"type":"if","locations":[{"start":{"line":60,"column":4},"end":{"line":62,"column":5}},{"start":{"line":60,"column":4},"end":{"line":62,"column":5}}],"line":60}},"s":{"0":2,"1":2,"2":2,"3":2,"4":2,"5":2,"6":2,"7":8,"8":2,"9":7,"10":2,"11":3,"12":2,"13":6,"14":5,"15":3,"16":2,"17":1,"18":2,"19":4,"20":4,"21":2,"22":4,"23":2,"24":4,"25":4,"26":3,"27":3,"28":1,"29":2,"30":2,"31":2,"32":2,"33":2,"34":82,"35":73,"36":2,"37":2,"38":2,"39":1,"40":12,"41":9,"42":9,"43":3,"44":3,"45":1,"46":2},"f":{"0":8,"1":7,"2":3,"3":6,"4":4,"5":4,"6":4,"7":2,"8":82,"9":1,"10":12,"11":9,"12":3},"b":{"0":[5,1],"1":[3,2],"2":[3,1],"3":[4,4],"4":[73,9]},"_coverageSchema":"1a1c01bbd47fc00a2c39e90264f33305004495a9","hash":"d75e037388b65787144c616f450ac6932bd8f207"}
}
