TN:
SF:app.js
FN:10,(anonymous_0)
FN:13,(anonymous_1)
FN:16,(anonymous_2)
FN:19,(anonymous_3)
FN:28,(anonymous_4)
FN:36,(anonymous_5)
FN:39,(anonymous_6)
FN:51,(anonymous_7)
FN:57,(anonymous_8)
FN:69,(anonymous_9)
FN:70,(anonymous_10)
FN:73,(anonymous_11)
FN:83,(anonymous_12)
FNF:13
FNH:12
FNDA:6,(anonymous_0)
FNDA:6,(anonymous_1)
FNDA:3,(anonymous_2)
FNDA:4,(anonymous_3)
FNDA:3,(anonymous_4)
FNDA:3,(anonymous_5)
FNDA:3,(anonymous_6)
FNDA:2,(anonymous_7)
FNDA:82,(anonymous_8)
FNDA:1,(anonymous_9)
FNDA:12,(anonymous_10)
FNDA:12,(anonymous_11)
FNDA:0,(anonymous_12)
DA:3,2
DA:4,2
DA:5,2
DA:6,2
DA:7,2
DA:8,2
DA:10,6
DA:13,6
DA:16,3
DA:19,2
DA:20,4
DA:21,4
DA:22,2
DA:23,2
DA:28,2
DA:30,3
DA:31,3
DA:36,3
DA:39,2
DA:40,3
DA:42,3
DA:43,3
DA:44,3
DA:46,0
DA:51,2
DA:52,2
DA:53,2
DA:55,2
DA:57,2
DA:58,82
DA:59,73
DA:63,2
DA:64,2
DA:69,2
DA:70,1
DA:72,12
DA:74,12
DA:81,12
DA:84,0
DA:91,0
DA:94,1
DA:102,2
LF:42
LH:39
BRDA:20,0,0,4
BRDA:20,0,1,0
BRDA:21,1,0,2
BRDA:21,1,1,2
BRDA:42,2,0,3
BRDA:42,2,1,0
BRDA:42,3,0,3
BRDA:42,3,1,3
BRDA:58,4,0,73
BRDA:58,4,1,9
BRF:10
BRH:8
end_of_record
