TN:
SF:app.js
FN:10,(anonymous_0)
FN:13,(anonymous_1)
FN:16,(anonymous_2)
FN:19,(anonymous_3)
FN:30,(anonymous_4)
FN:38,(anonymous_5)
FN:41,(anonymous_6)
FN:53,(anonymous_7)
FN:59,(anonymous_8)
FN:71,(anonymous_9)
FN:72,(anonymous_10)
FN:75,(anonymous_11)
FN:85,(anonymous_12)
FNF:13
FNH:13
FNDA:8,(anonymous_0)
FNDA:7,(anonymous_1)
FNDA:3,(anonymous_2)
FNDA:6,(anonymous_3)
FNDA:4,(anonymous_4)
FNDA:4,(anonymous_5)
FNDA:4,(anonymous_6)
FNDA:2,(anonymous_7)
FNDA:82,(anonymous_8)
FNDA:1,(anonymous_9)
FNDA:12,(anonymous_10)
FNDA:9,(anonymous_11)
FNDA:3,(anonymous_12)
DA:3,2
DA:4,2
DA:5,2
DA:6,2
DA:7,2
DA:8,2
DA:10,8
DA:13,7
DA:16,3
DA:19,2
DA:20,6
DA:21,5
DA:22,3
DA:23,2
DA:25,1
DA:30,2
DA:32,4
DA:33,4
DA:38,4
DA:41,2
DA:42,4
DA:44,4
DA:45,3
DA:46,3
DA:48,1
DA:53,2
DA:54,2
DA:55,2
DA:57,2
DA:59,2
DA:60,82
DA:61,73
DA:65,2
DA:66,2
DA:71,2
DA:72,1
DA:74,12
DA:76,9
DA:83,9
DA:86,3
DA:93,3
DA:96,1
DA:104,2
LF:43
LH:43
BRDA:20,0,0,5
BRDA:20,0,1,1
BRDA:21,1,0,3
BRDA:21,1,1,2
BRDA:44,2,0,3
BRDA:44,2,1,1
BRDA:44,3,0,4
BRDA:44,3,1,4
BRDA:60,4,0,73
BRDA:60,4,1,9
BRF:10
BRH:10
end_of_record
